<?xml version="1.0" encoding="UTF-8"?>
<!-- Generated by org.testng.reporters.JUnitReportReporter -->
<testsuite skipped="0" hostname="sameena-pc" name="com.crm.qa.testcases.HomePageTest" tests="3" failures="0" timestamp="03 Aug 2019 14:55:20 GMT" time="72.249" errors="0">
  <testcase name="homePageNameTest" time="20.241" classname="com.crm.qa.testcases.HomePageTest"/>
  <testcase name="homePageCalenderEnabled" time="17.253" classname="com.crm.qa.testcases.HomePageTest"/>
  <testcase name="homePageClickContacts" time="34.755" classname="com.crm.qa.testcases.HomePageTest"/>
</testsuite> <!-- com.crm.qa.testcases.HomePageTest -->
