<?xml version="1.0" encoding="UTF-8"?>
<!-- Generated by org.testng.reporters.JUnitReportReporter -->
<testsuite skipped="0" hostname="sameena-pc" name="com.crm.qa.testcases.LoginPageTest" tests="3" failures="0" timestamp="03 Aug 2019 14:55:20 GMT" time="70.275" errors="0">
  <testcase name="logInPageTitleTest" time="40.255" classname="com.crm.qa.testcases.LoginPageTest"/>
  <testcase name="logInPageLoginEnabled" time="14.088" classname="com.crm.qa.testcases.LoginPageTest"/>
  <testcase name="logInPageLogin" time="15.932" classname="com.crm.qa.testcases.LoginPageTest"/>
</testsuite> <!-- com.crm.qa.testcases.LoginPageTest -->
