<?xml version="1.0" encoding="UTF-8"?>
<!-- Generated by org.testng.reporters.JUnitReportReporter -->
<testsuite skipped="0" hostname="sameena-pc" name="com.crm.qa.testcases.LoginPageTest" tests="3" failures="0" timestamp="03 Aug 2019 15:24:02 GMT" time="39.723" errors="0">
  <testcase name="logInPageTitleTest" time="16.361" classname="com.crm.qa.testcases.LoginPageTest"/>
  <testcase name="logInPageLoginEnabled" time="8.627" classname="com.crm.qa.testcases.LoginPageTest"/>
  <testcase name="logInPageLogin" time="14.735" classname="com.crm.qa.testcases.LoginPageTest"/>
</testsuite> <!-- com.crm.qa.testcases.LoginPageTest -->
