<?xml version="1.0" encoding="UTF-8"?>
<!-- Generated by org.testng.reporters.JUnitReportReporter -->
<testsuite skipped="0" hostname="sameena-pc" name="com.crm.qa.testcases.HomePageTest" tests="3" failures="0" timestamp="03 Aug 2019 15:24:02 GMT" time="74.632" errors="0">
  <testcase name="homePageNameTest" time="24.803" classname="com.crm.qa.testcases.HomePageTest"/>
  <testcase name="homePageCalenderEnabled" time="16.639" classname="com.crm.qa.testcases.HomePageTest"/>
  <testcase name="homePageClickContacts" time="33.190" classname="com.crm.qa.testcases.HomePageTest"/>
</testsuite> <!-- com.crm.qa.testcases.HomePageTest -->
